<?xml version="1.0" encoding="utf-8" standalone="no"?>
<test-run id="2" testcasecount="32" result="Passed" total="32" passed="32" failed="0" inconclusive="0" skipped="0" asserts="346" engine-version="3.6.0.0" clr-version="4.0.30319.42000" start-time="2017-02-16 04:09:34Z" end-time="2017-02-16 04:09:35Z" duration="1.353103">
  <command-line><![CDATA[nunit3-console  C:\Work\nunit-csharp-samples-master\nunit-csharp-samples-master\syntax\bin\Debug\cs-syntax.dll --result C:\Work\nunit-csharp-samples-master\nunit-csharp-samples-master\syntax\TestResult.xml]]></command-line>
  <test-suite type="Assembly" id="0-1033" name="cs-syntax.dll" fullname="C:\Work\nunit-csharp-samples-master\nunit-csharp-samples-master\syntax\bin\Debug\cs-syntax.dll" runstate="Runnable" testcasecount="32" result="Passed" start-time="2017-02-16 04:09:35Z" end-time="2017-02-16 04:09:35Z" duration="0.413344" total="32" passed="32" failed="0" inconclusive="0" skipped="0" asserts="346">
    <environment framework-version="3.4.1.0" clr-version="4.0.30319.42000" os-version="Microsoft Windows NT 10.0.14393.0" platform="Win32NT" cwd="C:\Work\NUnit.Console-3.6.0" machine-name="EC2AMAZ-5S3JFGF" user="Administrator" user-domain="EC2AMAZ-5S3JFGF" culture="en-US" uiculture="en-US" os-architecture="x64" />
    <settings>
      <setting name="DisposeRunners" value="True" />
      <setting name="WorkDirectory" value="C:\Work\NUnit.Console-3.6.0" />
      <setting name="ImageRuntimeVersion" value="4.0.30319" />
      <setting name="ImageTargetFrameworkName" value=".NETFramework,Version=v4.5.2" />
      <setting name="ImageRequiresX86" value="False" />
      <setting name="ImageRequiresDefaultAppDomainAssemblyResolver" value="False" />
      <setting name="NumberOfTestWorkers" value="2" />
    </settings>
    <properties>
      <property name="_PID" value="4412" />
      <property name="_APPDOMAIN" value="domain-" />
    </properties>
    <test-suite type="TestSuite" id="0-1034" name="NUnit" fullname="NUnit" runstate="Runnable" testcasecount="32" result="Passed" start-time="2017-02-16 04:09:35Z" end-time="2017-02-16 04:09:35Z" duration="0.397956" total="32" passed="32" failed="0" inconclusive="0" skipped="0" asserts="346">
      <test-suite type="TestSuite" id="0-1035" name="Framework" fullname="NUnit.Framework" runstate="Runnable" testcasecount="32" result="Passed" start-time="2017-02-16 04:09:35Z" end-time="2017-02-16 04:09:35Z" duration="0.393087" total="32" passed="32" failed="0" inconclusive="0" skipped="0" asserts="346">
        <test-suite type="TestSuite" id="0-1036" name="Tests" fullname="NUnit.Framework.Tests" runstate="Runnable" testcasecount="32" result="Passed" start-time="2017-02-16 04:09:35Z" end-time="2017-02-16 04:09:35Z" duration="0.389044" total="32" passed="32" failed="0" inconclusive="0" skipped="0" asserts="346">
          <test-suite type="TestFixture" id="0-1000" name="AssertSyntaxTests" fullname="NUnit.Framework.Tests.AssertSyntaxTests" classname="NUnit.Framework.Tests.AssertSyntaxTests" runstate="Runnable" testcasecount="32" result="Passed" start-time="2017-02-16 04:09:35Z" end-time="2017-02-16 04:09:35Z" duration="0.378223" total="32" passed="32" failed="0" inconclusive="0" skipped="0" asserts="346">
            <properties>
              <property name="Feature" value="Test Syntax" />
            </properties>
            <test-case id="0-1021" name="AllItemsTests" fullname="NUnit.Framework.Tests.AssertSyntaxTests.AllItemsTests" methodname="AllItemsTests" classname="NUnit.Framework.Tests.AssertSyntaxTests" runstate="Runnable" seed="1031688170" result="Passed" start-time="2017-02-16 04:09:35Z" end-time="2017-02-16 04:09:35Z" duration="0.055215" asserts="33" />
            <test-case id="0-1030" name="AndOperator" fullname="NUnit.Framework.Tests.AssertSyntaxTests.AndOperator" methodname="AndOperator" classname="NUnit.Framework.Tests.AssertSyntaxTests" runstate="Runnable" seed="1335454407" result="Passed" start-time="2017-02-16 04:09:35Z" end-time="2017-02-16 04:09:35Z" duration="0.003343" asserts="2" />
            <test-case id="0-1010" name="AssignableFromTypeTests" fullname="NUnit.Framework.Tests.AssertSyntaxTests.AssignableFromTypeTests" methodname="AssignableFromTypeTests" classname="NUnit.Framework.Tests.AssertSyntaxTests" runstate="Runnable" seed="780926974" result="Passed" start-time="2017-02-16 04:09:35Z" end-time="2017-02-16 04:09:35Z" duration="0.002341" asserts="6" />
            <test-case id="0-1024" name="CollectionContainsTests" fullname="NUnit.Framework.Tests.AssertSyntaxTests.CollectionContainsTests" methodname="CollectionContainsTests" classname="NUnit.Framework.Tests.AssertSyntaxTests" runstate="Runnable" seed="800930420" result="Passed" start-time="2017-02-16 04:09:35Z" end-time="2017-02-16 04:09:35Z" duration="0.006158" asserts="27" />
            <test-case id="0-1025" name="CollectionEquivalenceTests" fullname="NUnit.Framework.Tests.AssertSyntaxTests.CollectionEquivalenceTests" methodname="CollectionEquivalenceTests" classname="NUnit.Framework.Tests.AssertSyntaxTests" runstate="Runnable" seed="682131313" result="Passed" start-time="2017-02-16 04:09:35Z" end-time="2017-02-16 04:09:35Z" duration="0.004524" asserts="13" />
            <test-case id="0-1020" name="ComparisonTests" fullname="NUnit.Framework.Tests.AssertSyntaxTests.ComparisonTests" methodname="ComparisonTests" classname="NUnit.Framework.Tests.AssertSyntaxTests" runstate="Runnable" seed="835982851" result="Passed" start-time="2017-02-16 04:09:35Z" end-time="2017-02-16 04:09:35Z" duration="0.003187" asserts="26">
              <properties>
                <property name="Title" value="Comparison" />
                <property name="Description" value="Lot of comparison tests" />
              </properties>
            </test-case>
            <test-case id="0-1032" name="ComplexTests" fullname="NUnit.Framework.Tests.AssertSyntaxTests.ComplexTests" methodname="ComplexTests" classname="NUnit.Framework.Tests.AssertSyntaxTests" runstate="Runnable" seed="1491258637" result="Passed" start-time="2017-02-16 04:09:35Z" end-time="2017-02-16 04:09:35Z" duration="0.001294" asserts="4" />
            <test-case id="0-1007" name="EmptyCollectionTests" fullname="NUnit.Framework.Tests.AssertSyntaxTests.EmptyCollectionTests" methodname="EmptyCollectionTests" classname="NUnit.Framework.Tests.AssertSyntaxTests" runstate="Runnable" seed="817769032" result="Passed" start-time="2017-02-16 04:09:35Z" end-time="2017-02-16 04:09:35Z" duration="0.003901" asserts="6" />
            <test-case id="0-1006" name="EmptyStringTests" fullname="NUnit.Framework.Tests.AssertSyntaxTests.EmptyStringTests" methodname="EmptyStringTests" classname="NUnit.Framework.Tests.AssertSyntaxTests" runstate="Runnable" seed="303981980" result="Passed" start-time="2017-02-16 04:09:35Z" end-time="2017-02-16 04:09:35Z" duration="0.001011" asserts="6" />
            <test-case id="0-1013" name="EndsWithTests" fullname="NUnit.Framework.Tests.AssertSyntaxTests.EndsWithTests" methodname="EndsWithTests" classname="NUnit.Framework.Tests.AssertSyntaxTests" runstate="Runnable" seed="769081135" result="Passed" start-time="2017-02-16 04:09:35Z" end-time="2017-02-16 04:09:35Z" duration="0.002302" asserts="9" />
            <test-case id="0-1014" name="EqualIgnoringCaseTests" fullname="NUnit.Framework.Tests.AssertSyntaxTests.EqualIgnoringCaseTests" methodname="EqualIgnoringCaseTests" classname="NUnit.Framework.Tests.AssertSyntaxTests" runstate="Runnable" seed="305321574" result="Passed" start-time="2017-02-16 04:09:35Z" end-time="2017-02-16 04:09:35Z" duration="0.002331" asserts="9" />
            <test-case id="0-1016" name="EqualityTests" fullname="NUnit.Framework.Tests.AssertSyntaxTests.EqualityTests" methodname="EqualityTests" classname="NUnit.Framework.Tests.AssertSyntaxTests" runstate="Runnable" seed="1208963276" result="Passed" start-time="2017-02-16 04:09:35Z" end-time="2017-02-16 04:09:35Z" duration="0.003313" asserts="14" />
            <test-case id="0-1017" name="EqualityTestsWithTolerance" fullname="NUnit.Framework.Tests.AssertSyntaxTests.EqualityTestsWithTolerance" methodname="EqualityTestsWithTolerance" classname="NUnit.Framework.Tests.AssertSyntaxTests" runstate="Runnable" seed="2079956649" result="Passed" start-time="2017-02-16 04:09:35Z" end-time="2017-02-16 04:09:35Z" duration="0.015083" asserts="18" />
            <test-case id="0-1018" name="EqualityTestsWithTolerance_MixedFloatAndDouble" fullname="NUnit.Framework.Tests.AssertSyntaxTests.EqualityTestsWithTolerance_MixedFloatAndDouble" methodname="EqualityTestsWithTolerance_MixedFloatAndDouble" classname="NUnit.Framework.Tests.AssertSyntaxTests" runstate="Runnable" seed="899156326" result="Passed" start-time="2017-02-16 04:09:35Z" end-time="2017-02-16 04:09:35Z" duration="0.000775" asserts="6" />
            <test-case id="0-1019" name="EqualityTestsWithTolerance_MixingTypesGenerally" fullname="NUnit.Framework.Tests.AssertSyntaxTests.EqualityTestsWithTolerance_MixingTypesGenerally" methodname="EqualityTestsWithTolerance_MixingTypesGenerally" classname="NUnit.Framework.Tests.AssertSyntaxTests" runstate="Runnable" seed="581613489" result="Passed" start-time="2017-02-16 04:09:35Z" end-time="2017-02-16 04:09:35Z" duration="0.001366" asserts="7" />
            <test-case id="0-1008" name="ExactTypeTests" fullname="NUnit.Framework.Tests.AssertSyntaxTests.ExactTypeTests" methodname="ExactTypeTests" classname="NUnit.Framework.Tests.AssertSyntaxTests" runstate="Runnable" seed="49392317" result="Passed" start-time="2017-02-16 04:09:35Z" end-time="2017-02-16 04:09:35Z" duration="0.002963" asserts="8" />
            <test-case id="0-1009" name="InstanceOfTests" fullname="NUnit.Framework.Tests.AssertSyntaxTests.InstanceOfTests" methodname="InstanceOfTests" classname="NUnit.Framework.Tests.AssertSyntaxTests" runstate="Runnable" seed="777771405" result="Passed" start-time="2017-02-16 04:09:35Z" end-time="2017-02-16 04:09:35Z" duration="0.001189" asserts="6" />
            <test-case id="0-1004" name="IsFalse" fullname="NUnit.Framework.Tests.AssertSyntaxTests.IsFalse" methodname="IsFalse" classname="NUnit.Framework.Tests.AssertSyntaxTests" runstate="Runnable" seed="1333158854" result="Passed" start-time="2017-02-16 04:09:35Z" end-time="2017-02-16 04:09:35Z" duration="0.001380" asserts="3" />
            <test-case id="0-1005" name="IsNaN" fullname="NUnit.Framework.Tests.AssertSyntaxTests.IsNaN" methodname="IsNaN" classname="NUnit.Framework.Tests.AssertSyntaxTests" runstate="Runnable" seed="898780315" result="Passed" start-time="2017-02-16 04:09:35Z" end-time="2017-02-16 04:09:35Z" duration="0.002073" asserts="6" />
            <test-case id="0-1002" name="IsNotNull" fullname="NUnit.Framework.Tests.AssertSyntaxTests.IsNotNull" methodname="IsNotNull" classname="NUnit.Framework.Tests.AssertSyntaxTests" runstate="Runnable" seed="934583692" result="Passed" start-time="2017-02-16 04:09:35Z" end-time="2017-02-16 04:09:35Z" duration="0.000524" asserts="3" />
            <test-case id="0-1001" name="IsNull" fullname="NUnit.Framework.Tests.AssertSyntaxTests.IsNull" methodname="IsNull" classname="NUnit.Framework.Tests.AssertSyntaxTests" runstate="Runnable" seed="303953985" result="Passed" start-time="2017-02-16 04:09:35Z" end-time="2017-02-16 04:09:35Z" duration="0.000396" asserts="3" />
            <test-case id="0-1003" name="IsTrue" fullname="NUnit.Framework.Tests.AssertSyntaxTests.IsTrue" methodname="IsTrue" classname="NUnit.Framework.Tests.AssertSyntaxTests" runstate="Runnable" seed="1096545508" result="Passed" start-time="2017-02-16 04:09:35Z" end-time="2017-02-16 04:09:35Z" duration="0.000534" asserts="5" />
            <test-case id="0-1023" name="NoItemTests" fullname="NUnit.Framework.Tests.AssertSyntaxTests.NoItemTests" methodname="NoItemTests" classname="NUnit.Framework.Tests.AssertSyntaxTests" runstate="Runnable" seed="1882399168" result="Passed" start-time="2017-02-16 04:09:35Z" end-time="2017-02-16 04:09:35Z" duration="0.000961" asserts="8" />
            <test-case id="0-1029" name="NotOperator" fullname="NUnit.Framework.Tests.AssertSyntaxTests.NotOperator" methodname="NotOperator" classname="NUnit.Framework.Tests.AssertSyntaxTests" runstate="Runnable" seed="1361384098" result="Passed" start-time="2017-02-16 04:09:35Z" end-time="2017-02-16 04:09:35Z" duration="0.000197" asserts="2" />
            <test-case id="0-1028" name="NotTests" fullname="NUnit.Framework.Tests.AssertSyntaxTests.NotTests" methodname="NotTests" classname="NUnit.Framework.Tests.AssertSyntaxTests" runstate="Runnable" seed="788850561" result="Passed" start-time="2017-02-16 04:09:35Z" end-time="2017-02-16 04:09:35Z" duration="0.002435" asserts="14" />
            <test-case id="0-1031" name="OrOperator" fullname="NUnit.Framework.Tests.AssertSyntaxTests.OrOperator" methodname="OrOperator" classname="NUnit.Framework.Tests.AssertSyntaxTests" runstate="Runnable" seed="788250817" result="Passed" start-time="2017-02-16 04:09:35Z" end-time="2017-02-16 04:09:35Z" duration="0.000951" asserts="2" />
            <test-case id="0-1027" name="PropertyTests" fullname="NUnit.Framework.Tests.AssertSyntaxTests.PropertyTests" methodname="PropertyTests" classname="NUnit.Framework.Tests.AssertSyntaxTests" runstate="Runnable" seed="357245238" result="Passed" start-time="2017-02-16 04:09:35Z" end-time="2017-02-16 04:09:35Z" duration="0.008493" asserts="46" />
            <test-case id="0-1015" name="RegularExpressionTests" fullname="NUnit.Framework.Tests.AssertSyntaxTests.RegularExpressionTests" methodname="RegularExpressionTests" classname="NUnit.Framework.Tests.AssertSyntaxTests" runstate="Runnable" seed="364562079" result="Passed" start-time="2017-02-16 04:09:35Z" end-time="2017-02-16 04:09:35Z" duration="0.013614" asserts="12" />
            <test-case id="0-1022" name="SomeItemTests" fullname="NUnit.Framework.Tests.AssertSyntaxTests.SomeItemTests" methodname="SomeItemTests" classname="NUnit.Framework.Tests.AssertSyntaxTests" runstate="Runnable" seed="435275079" result="Passed" start-time="2017-02-16 04:09:35Z" end-time="2017-02-16 04:09:35Z" duration="0.000876" asserts="10" />
            <test-case id="0-1012" name="StartsWithTests" fullname="NUnit.Framework.Tests.AssertSyntaxTests.StartsWithTests" methodname="StartsWithTests" classname="NUnit.Framework.Tests.AssertSyntaxTests" runstate="Runnable" seed="165521840" result="Passed" start-time="2017-02-16 04:09:35Z" end-time="2017-02-16 04:09:35Z" duration="0.001413" asserts="11" />
            <test-case id="0-1026" name="SubsetTests" fullname="NUnit.Framework.Tests.AssertSyntaxTests.SubsetTests" methodname="SubsetTests" classname="NUnit.Framework.Tests.AssertSyntaxTests" runstate="Runnable" seed="2107636091" result="Passed" start-time="2017-02-16 04:09:35Z" end-time="2017-02-16 04:09:35Z" duration="0.001764" asserts="10" />
            <test-case id="0-1011" name="SubstringTests" fullname="NUnit.Framework.Tests.AssertSyntaxTests.SubstringTests" methodname="SubstringTests" classname="NUnit.Framework.Tests.AssertSyntaxTests" runstate="Runnable" seed="1306469136" result="Passed" start-time="2017-02-16 04:09:35Z" end-time="2017-02-16 04:09:35Z" duration="0.001415" asserts="11" />
          </test-suite>
        </test-suite>
      </test-suite>
    </test-suite>
  </test-suite>
</test-run>