<?xml version="1.0" encoding="utf-8" standalone="no"?>
<test-run id="2" testcasecount="32" result="Passed" total="32" passed="32" failed="0" inconclusive="0" skipped="0" asserts="346" engine-version="3.6.0.0" clr-version="4.0.30319.42000" start-time="2017-02-16 04:09:34Z" end-time="2017-02-16 04:09:35Z" duration="1.353103">
  <command-line><![CDATA[nunit3-console  C:\Work\nunit-csharp-samples-master\nunit-csharp-samples-master\syntax\bin\Debug\cs-syntax.dll --result C:\Work\nunit-csharp-samples-master\nunit-csharp-samples-master\syntax\TestResult.xml]]></command-line>
  <test-suite type="Assembly" id="0-1033" name="cs-syntax.dll" fullname="C:\Work\nunit-csharp-samples-master\nunit-csharp-samples-master\syntax\bin\Debug\cs-syntax.dll" runstate="Runnable" testcasecount="32" result="Passed" start-time="2017-02-16 04:09:35Z" end-time="2017-02-16 04:09:35Z" duration="0.413344" total="32" passed="32" failed="0" inconclusive="0" skipped="0" asserts="346">
    <environment framework-version="3.4.1.0" clr-version="4.0.30319.42000" os-version="Microsoft Windows NT 10.0.14393.0" platform="Win32NT" cwd="C:\Work\NUnit.Console-3.6.0" machine-name="EC2AMAZ-5S3JFGF" user="Administrator" user-domain="EC2AMAZ-5S3JFGF" culture="en-US" uiculture="en-US" os-architecture="x64" />
    <settings>
      <setting name="DisposeRunners" value="True" />
      <setting name="WorkDirectory" value="C:\Work\NUnit.Console-3.6.0" />
      <setting name="ImageRuntimeVersion" value="4.0.30319" />
      <setting name="ImageTargetFrameworkName" value=".NETFramework,Version=v4.5.2" />
      <setting name="ImageRequiresX86" value="False" />
      <setting name="ImageRequiresDefaultAppDomainAssemblyResolver" value="False" />
      <setting name="NumberOfTestWorkers" value="2" />
    </settings>
    <properties>
      <property name="_PID" value="4412" />
      <property name="_APPDOMAIN" value="domain-" />
    </properties>
    <test-suite type="TestSuite" id="0-1034" name="NUnit" fullname="NUnit" runstate="Runnable" testcasecount="32" result="Passed" start-time="2017-02-16 04:09:35Z" end-time="2017-02-16 04:09:35Z" duration="0.397956" total="32" passed="32" failed="0" inconclusive="0" skipped="0" asserts="346">
      <test-suite type="TestSuite" id="0-1035" name="Framework" fullname="NUnit.Framework" runstate="Runnable" testcasecount="32" result="Passed" start-time="2017-02-16 04:09:35Z" end-time="2017-02-16 04:09:35Z" duration="0.393087" total="32" passed="32" failed="0" inconclusive="0" skipped="0" asserts="346">
        <test-suite type="TestSuite" id="0-1036" name="Tests" fullname="NUnit.Framework.Tests" runstate="Runnable" testcasecount="32" result="Passed" start-time="2017-02-16 04:09:35Z" end-time="2017-02-16 04:09:35Z" duration="0.389044" total="32" passed="32" failed="0" inconclusive="0" skipped="0" asserts="346">
          <test-suite type="TestFixture" id="0-1000" name="AssertSyntaxTests" fullname="NUnit.Framework.Tests.AssertSyntaxTests" classname="NUnit.Framework.Tests.AssertSyntaxTests" runstate="Runnable" testcasecount="32" result="Passed" start-time="2017-02-16 04:09:35Z" end-time="2017-02-16 04:09:35Z" duration="0.378223" total="32" passed="32" failed="0" inconclusive="0" skipped="0" asserts="346">
            <properties>
              <property name="Feature" value="Test Syntax" />
            </properties>
            <test-case id="0-1020" name="ComparisonTests" fullname="NUnit.Framework.Tests.AssertSyntaxTests.ComparisonTests" methodname="ComparisonTests" classname="NUnit.Framework.Tests.AssertSyntaxTests" runstate="Runnable" seed="835982851" result="Passed" start-time="2017-02-16 04:09:35Z" end-time="2017-02-16 04:09:35Z" duration="0.003187" asserts="26">
              <properties>
                <property name="Name" value="Comparison" />
                <property name="Description" value="Lot of comparison tests" />
              </properties>
            </test-case>
            <test-case id="0-1032" name="ComplexTests" fullname="NUnit.Framework.Tests.AssertSyntaxTests.ComplexTests" methodname="ComplexTests" classname="NUnit.Framework.Tests.AssertSyntaxTests" runstate="Runnable" seed="1491258637" result="Passed" start-time="2017-02-16 04:09:35Z" end-time="2017-02-16 04:09:35Z" duration="0.001294" asserts="4" />
          </test-suite>
        </test-suite>
      </test-suite>
    </test-suite>
  </test-suite>
</test-run>