<?xml version="1.0" encoding="utf-8" standalone="no"?>
<test-run id="2" testcasecount="18" result="Passed" total="18" passed="18" failed="0" inconclusive="0" skipped="0" asserts="47" engine-version="3.6.1.0" clr-version="4.0.30319.42000" start-time="2017-03-23 05:12:02Z" end-time="2017-03-23 05:12:03Z" duration="1.141372">
  <command-line><![CDATA[nunit3-console.exe  D:\b2cpcm\b2c-pcm\Implementation\DotNet\Raci.B2C\Raci.B2C.Web.Test.Unit\bin\debug\Raci.B2C.Web.Test.Unit.dll --result D:\b2cpcm\b2c-pcm\Implementation\DotNet\Raci.B2C\Raci.B2C.Web.Test.Unit\bin\debug\nunit\Raci.B2C.Web.Test.Unit.dll.nunit.xml]]></command-line>
  <test-suite type="Assembly" id="0-1023" name="Raci.B2C.Web.Test.Unit.dll" fullname="D:\b2cpcm\b2c-pcm\Implementation\DotNet\Raci.B2C\Raci.B2C.Web.Test.Unit\bin\debug\Raci.B2C.Web.Test.Unit.dll" runstate="Runnable" testcasecount="18" result="Passed" start-time="2017-03-23 05:12:03Z" end-time="2017-03-23 05:12:03Z" duration="0.344343" total="18" passed="18" failed="0" warnings="0" inconclusive="0" skipped="0" asserts="47">
    <environment framework-version="3.6.1.0" clr-version="4.0.30319.42000" os-version="Microsoft Windows NT 6.1.7601 Service Pack 1" platform="Win32NT" cwd="D:\apps\nunit-console\nunit-console" machine-name="RAC-39641" user="bridge0a" user-domain="RAC" culture="en-AU" uiculture="en-US" os-architecture="x64" />
    <settings>
      <setting name="DisposeRunners" value="True" />
      <setting name="WorkDirectory" value="D:\apps\nunit-console\nunit-console" />
      <setting name="ImageRuntimeVersion" value="4.0.30319" />
      <setting name="ImageTargetFrameworkName" value=".NETFramework,Version=v4.5" />
      <setting name="ImageRequiresX86" value="False" />
      <setting name="ImageRequiresDefaultAppDomainAssemblyResolver" value="False" />
      <setting name="NumberOfTestWorkers" value="8" />
    </settings>
    <properties>
      <property name="_PID" value="18064" />
      <property name="_APPDOMAIN" value="domain-" />
    </properties>
    <test-suite type="TestSuite" id="0-1024" name="Raci" fullname="Raci" runstate="Runnable" testcasecount="18" result="Passed" start-time="2017-03-23 05:12:03Z" end-time="2017-03-23 05:12:03Z" duration="0.326046" total="18" passed="18" failed="0" warnings="0" inconclusive="0" skipped="0" asserts="47">
      <test-suite type="TestSuite" id="0-1025" name="B2C" fullname="Raci.B2C" runstate="Runnable" testcasecount="18" result="Passed" start-time="2017-03-23 05:12:03Z" end-time="2017-03-23 05:12:03Z" duration="0.324066" total="18" passed="18" failed="0" warnings="0" inconclusive="0" skipped="0" asserts="47">
        <test-suite type="TestSuite" id="0-1026" name="Web" fullname="Raci.B2C.Web" runstate="Runnable" testcasecount="18" result="Passed" start-time="2017-03-23 05:12:03Z" end-time="2017-03-23 05:12:03Z" duration="0.322044" total="18" passed="18" failed="0" warnings="0" inconclusive="0" skipped="0" asserts="47">
          <test-suite type="TestSuite" id="0-1027" name="Test" fullname="Raci.B2C.Web.Test" runstate="Runnable" testcasecount="18" result="Passed" start-time="2017-03-23 05:12:03Z" end-time="2017-03-23 05:12:03Z" duration="0.320074" total="18" passed="18" failed="0" warnings="0" inconclusive="0" skipped="0" asserts="47">
            <test-suite type="TestSuite" id="0-1028" name="Unit" fullname="Raci.B2C.Web.Test.Unit" runstate="Runnable" testcasecount="18" result="Passed" start-time="2017-03-23 05:12:03Z" end-time="2017-03-23 05:12:03Z" duration="0.318044" total="18" passed="18" failed="0" warnings="0" inconclusive="0" skipped="0" asserts="47">
              <test-suite type="TestSuite" id="0-1029" name="Areas" fullname="Raci.B2C.Web.Test.Unit.Areas" runstate="Runnable" testcasecount="18" result="Passed" start-time="2017-03-23 05:12:03Z" end-time="2017-03-23 05:12:03Z" duration="0.314358" total="18" passed="18" failed="0" warnings="0" inconclusive="0" skipped="0" asserts="47">
                <test-suite type="TestSuite" id="0-1033" name="Claim2" fullname="Raci.B2C.Web.Test.Unit.Areas.Claim2" runstate="Runnable" testcasecount="12" result="Passed" start-time="2017-03-23 05:12:03Z" end-time="2017-03-23 05:12:03Z" duration="0.235983" total="12" passed="12" failed="0" warnings="0" inconclusive="0" skipped="0" asserts="1">
                  <test-suite type="TestSuite" id="0-1034" name="Models" fullname="Raci.B2C.Web.Test.Unit.Areas.Claim2.Models" runstate="Runnable" testcasecount="12" result="Passed" start-time="2017-03-23 05:12:03Z" end-time="2017-03-23 05:12:03Z" duration="0.234043" total="12" passed="12" failed="0" warnings="0" inconclusive="0" skipped="0" asserts="1">
                    <test-suite type="TestSuite" id="0-1036" name="Events" fullname="Raci.B2C.Web.Test.Unit.Areas.Claim2.Models.Events" runstate="Runnable" testcasecount="7" result="Passed" start-time="2017-03-23 05:12:03Z" end-time="2017-03-23 05:12:03Z" duration="0.206533" total="7" passed="7" failed="0" warnings="0" inconclusive="0" skipped="0" asserts="1">
                      <test-suite type="TestFixture" id="0-1015" name="ClaimStateEventStoreTest" fullname="Raci.B2C.Web.Test.Unit.Areas.Claim2.Models.Events.ClaimStateEventStoreTest" classname="Raci.B2C.Web.Test.Unit.Areas.Claim2.Models.Events.ClaimStateEventStoreTest" runstate="Runnable" testcasecount="7" result="Passed" start-time="2017-03-23 05:12:03Z" end-time="2017-03-23 05:12:03Z" duration="0.198978" total="7" passed="7" failed="0" warnings="0" inconclusive="0" skipped="0" asserts="1">
                        <test-case id="0-1022" name="CheckEventEligibility_InvalidEvent_ReturnsFalseAndDoesNotFail" fullname="Raci.B2C.Web.Test.Unit.Areas.Claim2.Models.Events.ClaimStateEventStoreTest.CheckEventEligibility_InvalidEvent_ReturnsFalseAndDoesNotFail" methodname="CheckEventEligibility_InvalidEvent_ReturnsFalseAndDoesNotFail" classname="Raci.B2C.Web.Test.Unit.Areas.Claim2.Models.Events.ClaimStateEventStoreTest" runstate="Runnable" seed="1732492762" result="Passed" start-time="2017-03-23 05:12:03Z" end-time="2017-03-23 05:12:03Z" duration="0.167975" asserts="0" />
                        <test-case id="0-1021" name="CheckEventEligibility_ValidEvent_ReturnsTrueAndDoesNotRecord" fullname="Raci.B2C.Web.Test.Unit.Areas.Claim2.Models.Events.ClaimStateEventStoreTest.CheckEventEligibility_ValidEvent_ReturnsTrueAndDoesNotRecord" methodname="CheckEventEligibility_ValidEvent_ReturnsTrueAndDoesNotRecord" classname="Raci.B2C.Web.Test.Unit.Areas.Claim2.Models.Events.ClaimStateEventStoreTest" runstate="Runnable" seed="1986343578" result="Passed" start-time="2017-03-23 05:12:03Z" end-time="2017-03-23 05:12:03Z" duration="0.000717" asserts="0" />
                        <test-case id="0-1016" name="RecordEvent_RecordEventWithNoPrerequisites_Succeeds" fullname="Raci.B2C.Web.Test.Unit.Areas.Claim2.Models.Events.ClaimStateEventStoreTest.RecordEvent_RecordEventWithNoPrerequisites_Succeeds" methodname="RecordEvent_RecordEventWithNoPrerequisites_Succeeds" classname="Raci.B2C.Web.Test.Unit.Areas.Claim2.Models.Events.ClaimStateEventStoreTest" runstate="Runnable" seed="15036993" result="Passed" start-time="2017-03-23 05:12:03Z" end-time="2017-03-23 05:12:03Z" duration="0.000704" asserts="0" />
                        <test-case id="0-1017" name="RecordEvent_RecordEventWithPrerequisites_Succeeds" fullname="Raci.B2C.Web.Test.Unit.Areas.Claim2.Models.Events.ClaimStateEventStoreTest.RecordEvent_RecordEventWithPrerequisites_Succeeds" methodname="RecordEvent_RecordEventWithPrerequisites_Succeeds" classname="Raci.B2C.Web.Test.Unit.Areas.Claim2.Models.Events.ClaimStateEventStoreTest" runstate="Runnable" seed="1030411192" result="Passed" start-time="2017-03-23 05:12:03Z" end-time="2017-03-23 05:12:03Z" duration="0.000297" asserts="0" />
                        <test-case id="0-1019" name="RecordEvent_RecordIllegalEventWithoutTry_ThrowsInvalidOperationException" fullname="Raci.B2C.Web.Test.Unit.Areas.Claim2.Models.Events.ClaimStateEventStoreTest.RecordEvent_RecordIllegalEventWithoutTry_ThrowsInvalidOperationException" methodname="RecordEvent_RecordIllegalEventWithoutTry_ThrowsInvalidOperationException" classname="Raci.B2C.Web.Test.Unit.Areas.Claim2.Models.Events.ClaimStateEventStoreTest" runstate="Runnable" seed="1383606028" result="Passed" start-time="2017-03-23 05:12:03Z" end-time="2017-03-23 05:12:03Z" duration="0.009560" asserts="1" />
                        <test-case id="0-1018" name="RecordEvent_RecordUniqueEventMoreThanOnce_Fails" fullname="Raci.B2C.Web.Test.Unit.Areas.Claim2.Models.Events.ClaimStateEventStoreTest.RecordEvent_RecordUniqueEventMoreThanOnce_Fails" methodname="RecordEvent_RecordUniqueEventMoreThanOnce_Fails" classname="Raci.B2C.Web.Test.Unit.Areas.Claim2.Models.Events.ClaimStateEventStoreTest" runstate="Runnable" seed="732858898" result="Passed" start-time="2017-03-23 05:12:03Z" end-time="2017-03-23 05:12:03Z" duration="0.000515" asserts="0" />
                        <test-case id="0-1020" name="RecordEvent_RecordWithoutPrerequesiteEvent_Fails" fullname="Raci.B2C.Web.Test.Unit.Areas.Claim2.Models.Events.ClaimStateEventStoreTest.RecordEvent_RecordWithoutPrerequesiteEvent_Fails" methodname="RecordEvent_RecordWithoutPrerequesiteEvent_Fails" classname="Raci.B2C.Web.Test.Unit.Areas.Claim2.Models.Events.ClaimStateEventStoreTest" runstate="Runnable" seed="362823670" result="Passed" start-time="2017-03-23 05:12:03Z" end-time="2017-03-23 05:12:03Z" duration="0.000218" asserts="0" />
                      </test-suite>
                    </test-suite>
                    <test-suite type="TestSuite" id="0-1035" name="Mapper" fullname="Raci.B2C.Web.Test.Unit.Areas.Claim2.Models.Mapper" runstate="Runnable" testcasecount="5" result="Passed" start-time="2017-03-23 05:12:03Z" end-time="2017-03-23 05:12:03Z" duration="0.230066" total="5" passed="5" failed="0" warnings="0" inconclusive="0" skipped="0" asserts="0">
                      <test-suite type="TestFixture" id="0-1009" name="RepairerExtensionsTests" fullname="Raci.B2C.Web.Test.Unit.Areas.Claim2.Models.Mapper.RepairerExtensionsTests" classname="Raci.B2C.Web.Test.Unit.Areas.Claim2.Models.Mapper.RepairerExtensionsTests" runstate="Runnable" testcasecount="5" result="Passed" start-time="2017-03-23 05:12:03Z" end-time="2017-03-23 05:12:03Z" duration="0.023044" total="5" passed="5" failed="0" warnings="0" inconclusive="0" skipped="0" asserts="0">
                        <test-case id="0-1011" name="ToRepairer_EventRefferalIVO_Repairer" fullname="Raci.B2C.Web.Test.Unit.Areas.Claim2.Models.Mapper.RepairerExtensionsTests.ToRepairer_EventRefferalIVO_Repairer" methodname="ToRepairer_EventRefferalIVO_Repairer" classname="Raci.B2C.Web.Test.Unit.Areas.Claim2.Models.Mapper.RepairerExtensionsTests" runstate="Runnable" seed="1735354149" result="Passed" start-time="2017-03-23 05:12:03Z" end-time="2017-03-23 05:12:03Z" duration="0.010169" asserts="0" />
                        <test-case id="0-1010" name="ToRepairer_NullEventRefferalIVO_EmptyRepairer" fullname="Raci.B2C.Web.Test.Unit.Areas.Claim2.Models.Mapper.RepairerExtensionsTests.ToRepairer_NullEventRefferalIVO_EmptyRepairer" methodname="ToRepairer_NullEventRefferalIVO_EmptyRepairer" classname="Raci.B2C.Web.Test.Unit.Areas.Claim2.Models.Mapper.RepairerExtensionsTests" runstate="Runnable" seed="266880540" result="Passed" start-time="2017-03-23 05:12:03Z" end-time="2017-03-23 05:12:03Z" duration="0.000662" asserts="0" />
                        <test-case id="0-1012" name="ToRepairerType_GlassHome_RepairerTypeGlass" fullname="Raci.B2C.Web.Test.Unit.Areas.Claim2.Models.Mapper.RepairerExtensionsTests.ToRepairerType_GlassHome_RepairerTypeGlass" methodname="ToRepairerType_GlassHome_RepairerTypeGlass" classname="Raci.B2C.Web.Test.Unit.Areas.Claim2.Models.Mapper.RepairerExtensionsTests" runstate="Runnable" seed="1479052098" result="Passed" start-time="2017-03-23 05:12:03Z" end-time="2017-03-23 05:12:03Z" duration="0.002985" asserts="0" />
                        <test-case id="0-1013" name="ToRepairerType_GlassMotor_RepairerTypeGlass" fullname="Raci.B2C.Web.Test.Unit.Areas.Claim2.Models.Mapper.RepairerExtensionsTests.ToRepairerType_GlassMotor_RepairerTypeGlass" methodname="ToRepairerType_GlassMotor_RepairerTypeGlass" classname="Raci.B2C.Web.Test.Unit.Areas.Claim2.Models.Mapper.RepairerExtensionsTests" runstate="Runnable" seed="359810831" result="Passed" start-time="2017-03-23 05:12:03Z" end-time="2017-03-23 05:12:03Z" duration="0.000258" asserts="0" />
                        <test-case id="0-1014" name="ToRepairerType_UnknownType_RepairerTypeUnknown" fullname="Raci.B2C.Web.Test.Unit.Areas.Claim2.Models.Mapper.RepairerExtensionsTests.ToRepairerType_UnknownType_RepairerTypeUnknown" methodname="ToRepairerType_UnknownType_RepairerTypeUnknown" classname="Raci.B2C.Web.Test.Unit.Areas.Claim2.Models.Mapper.RepairerExtensionsTests" runstate="Runnable" seed="1442173813" result="Passed" start-time="2017-03-23 05:12:03Z" end-time="2017-03-23 05:12:03Z" duration="0.000193" asserts="0" />
                      </test-suite>
                    </test-suite>
                  </test-suite>
                </test-suite>
                <test-suite type="TestSuite" id="0-1030" name="Quote" fullname="Raci.B2C.Web.Test.Unit.Areas.Quote" runstate="Runnable" testcasecount="6" result="Passed" start-time="2017-03-23 05:12:03Z" end-time="2017-03-23 05:12:03Z" duration="0.308003" total="6" passed="6" failed="0" warnings="0" inconclusive="0" skipped="0" asserts="46">
                  <test-suite type="TestSuite" id="0-1031" name="FormHandlers" fullname="Raci.B2C.Web.Test.Unit.Areas.Quote.FormHandlers" runstate="Runnable" testcasecount="6" result="Passed" start-time="2017-03-23 05:12:03Z" end-time="2017-03-23 05:12:03Z" duration="0.305963" total="6" passed="6" failed="0" warnings="0" inconclusive="0" skipped="0" asserts="46">
                    <test-suite type="TestSuite" id="0-1032" name="Mapping" fullname="Raci.B2C.Web.Test.Unit.Areas.Quote.FormHandlers.Mapping" runstate="Runnable" testcasecount="6" result="Passed" start-time="2017-03-23 05:12:03Z" end-time="2017-03-23 05:12:03Z" duration="0.304034" total="6" passed="6" failed="0" warnings="0" inconclusive="0" skipped="0" asserts="46">
                      <test-suite type="TestFixture" id="0-1003" name="DiscountMappingTests" fullname="Raci.B2C.Web.Test.Unit.Areas.Quote.FormHandlers.Mapping.DiscountMappingTests" classname="Raci.B2C.Web.Test.Unit.Areas.Quote.FormHandlers.Mapping.DiscountMappingTests" runstate="Runnable" testcasecount="3" result="Passed" start-time="2017-03-23 05:12:03Z" end-time="2017-03-23 05:12:03Z" duration="0.014069" total="3" passed="3" failed="0" warnings="0" inconclusive="0" skipped="0" asserts="4">
                        <test-case id="0-1004" name="ToQuoteDiscounts_MultipleDiscountIVO_DescriptionsMappedCorrectly" fullname="Raci.B2C.Web.Test.Unit.Areas.Quote.FormHandlers.Mapping.DiscountMappingTests.ToQuoteDiscounts_MultipleDiscountIVO_DescriptionsMappedCorrectly" methodname="ToQuoteDiscounts_MultipleDiscountIVO_DescriptionsMappedCorrectly" classname="Raci.B2C.Web.Test.Unit.Areas.Quote.FormHandlers.Mapping.DiscountMappingTests" runstate="Runnable" seed="1500475520" result="Passed" start-time="2017-03-23 05:12:03Z" end-time="2017-03-23 05:12:03Z" duration="0.008732" asserts="2" />
                        <test-case id="0-1005" name="ToQuoteDiscounts_MultipleDiscountIVO_PercentValueMappedCorrectly" fullname="Raci.B2C.Web.Test.Unit.Areas.Quote.FormHandlers.Mapping.DiscountMappingTests.ToQuoteDiscounts_MultipleDiscountIVO_PercentValueMappedCorrectly" methodname="ToQuoteDiscounts_MultipleDiscountIVO_PercentValueMappedCorrectly" classname="Raci.B2C.Web.Test.Unit.Areas.Quote.FormHandlers.Mapping.DiscountMappingTests" runstate="Runnable" seed="801696046" result="Passed" start-time="2017-03-23 05:12:03Z" end-time="2017-03-23 05:12:03Z" duration="0.000506" asserts="1" />
                        <test-case id="0-1006" name="ToQuoteDiscounts_MultipleDiscountIVO_ValueMappedCorrectly" fullname="Raci.B2C.Web.Test.Unit.Areas.Quote.FormHandlers.Mapping.DiscountMappingTests.ToQuoteDiscounts_MultipleDiscountIVO_ValueMappedCorrectly" methodname="ToQuoteDiscounts_MultipleDiscountIVO_ValueMappedCorrectly" classname="Raci.B2C.Web.Test.Unit.Areas.Quote.FormHandlers.Mapping.DiscountMappingTests" runstate="Runnable" seed="1628572305" result="Passed" start-time="2017-03-23 05:12:03Z" end-time="2017-03-23 05:12:03Z" duration="0.000438" asserts="1" />
                      </test-suite>
                      <test-suite type="TestFixture" id="0-1007" name="PremiumMappingTests" fullname="Raci.B2C.Web.Test.Unit.Areas.Quote.FormHandlers.Mapping.PremiumMappingTests" classname="Raci.B2C.Web.Test.Unit.Areas.Quote.FormHandlers.Mapping.PremiumMappingTests" runstate="Runnable" testcasecount="1" result="Passed" start-time="2017-03-23 05:12:03Z" end-time="2017-03-23 05:12:03Z" duration="0.008990" total="1" passed="1" failed="0" warnings="0" inconclusive="0" skipped="0" asserts="0">
                        <test-case id="0-1008" name="ToMonthlyPremiumViewModel_MultipleInstallments_ValidPremiumViewModel" fullname="Raci.B2C.Web.Test.Unit.Areas.Quote.FormHandlers.Mapping.PremiumMappingTests.ToMonthlyPremiumViewModel_MultipleInstallments_ValidPremiumViewModel" methodname="ToMonthlyPremiumViewModel_MultipleInstallments_ValidPremiumViewModel" classname="Raci.B2C.Web.Test.Unit.Areas.Quote.FormHandlers.Mapping.PremiumMappingTests" runstate="Runnable" seed="4440596" result="Passed" start-time="2017-03-23 05:12:03Z" end-time="2017-03-23 05:12:03Z" duration="0.007664" asserts="0" />
                      </test-suite>
                      <test-suite type="TestFixture" id="0-1000" name="QuotePolicyContactMappingTests" fullname="Raci.B2C.Web.Test.Unit.Areas.Quote.FormHandlers.Mapping.QuotePolicyContactMappingTests" classname="Raci.B2C.Web.Test.Unit.Areas.Quote.FormHandlers.Mapping.QuotePolicyContactMappingTests" runstate="Runnable" testcasecount="2" result="Passed" start-time="2017-03-23 05:12:03Z" end-time="2017-03-23 05:12:03Z" duration="0.045019" total="2" passed="2" failed="0" warnings="0" inconclusive="0" skipped="0" asserts="42">
                        <properties>
                          <property name="Feature" value="Retrieve Quote" />
                        </properties>
                        <test-case id="0-1001" name="QuotePolicyContactMapping_WithB2CPrefix_ShouldMapValuesCorrectly" fullname="Raci.B2C.Web.Test.Unit.Areas.Quote.FormHandlers.Mapping.QuotePolicyContactMappingTests.QuotePolicyContactMapping_WithB2CPrefix_ShouldMapValuesCorrectly" methodname="QuotePolicyContactMapping_WithB2CPrefix_ShouldMapValuesCorrectly" classname="Raci.B2C.Web.Test.Unit.Areas.Quote.FormHandlers.Mapping.QuotePolicyContactMappingTests" runstate="Runnable" seed="1492723857" result="Passed" start-time="2017-03-23 05:12:03Z" end-time="2017-03-23 05:12:03Z" duration="0.040472" asserts="21">
                          <properties>
                            <property name="Name" value="Map a QuotePolicyContact with _B2C_ prefix to a Contact" />
                          </properties>
                        </test-case>
                        <test-case id="0-1002" name="QuotePolicyContactMapping_WithoutB2CPrefix_ShouldMapValuesCorrectly" fullname="Raci.B2C.Web.Test.Unit.Areas.Quote.FormHandlers.Mapping.QuotePolicyContactMappingTests.QuotePolicyContactMapping_WithoutB2CPrefix_ShouldMapValuesCorrectly" methodname="QuotePolicyContactMapping_WithoutB2CPrefix_ShouldMapValuesCorrectly" classname="Raci.B2C.Web.Test.Unit.Areas.Quote.FormHandlers.Mapping.QuotePolicyContactMappingTests" runstate="Runnable" seed="972102966" result="Passed" start-time="2017-03-23 05:12:03Z" end-time="2017-03-23 05:12:03Z" duration="0.001044" asserts="21">
                          <properties>
                            <property name="Name" value="Map a QuotePolicyContact without _B2C_ prefix to a Contact" />
                          </properties>
                        </test-case>
                      </test-suite>
                    </test-suite>
                  </test-suite>
                </test-suite>
              </test-suite>
            </test-suite>
          </test-suite>
        </test-suite>
      </test-suite>
    </test-suite>
  </test-suite>
</test-run>